#
# There is insufficient memory for the Java Runtime Environment to continue.
# Native memory allocation (malloc) failed to allocate 2070096 bytes for Chunk::new
# Possible reasons:
#   The system is out of physical RAM or swap space
#   The process is running with CompressedOops enabled, and the Java Heap may be blocking the growth of the native heap
# Possible solutions:
#   Reduce memory load on the system
#   Increase physical memory or swap space
#   Check if swap backing store is full
#   Decrease Java heap size (-Xmx/-Xms)
#   Decrease number of Java threads
#   Decrease Java thread stack sizes (-Xss)
#   Set larger code cache with -XX:ReservedCodeCacheSize=
#   JVM is running with Unscaled Compressed Oops mode in which the Java heap is
#     placed in the first 4GB address space. The Java Heap base address is the
#     maximum limit for the native heap growth. Please use -XX:HeapBaseMinAddress
#     to set the Java Heap base and to place the Java Heap above 4GB virtual address.
# This output file may be truncated or incomplete.
#
#  Out of Memory Error (./open/src/hotspot/share/memory/arena.cpp:195), pid=2088, tid=5332
#
# JRE version: Java(TM) SE Runtime Environment (15.0.2+7) (build 15.0.2+7-27)
# Java VM: Java HotSpot(TM) 64-Bit Server VM (15.0.2+7-27, mixed mode, sharing, tiered, compressed oops, g1 gc, windows-amd64)
# No core dump will be written. Minidumps are not enabled by default on client versions of Windows
#

---------------  S U M M A R Y ------------

Command Line: --add-opens=java.base/java.util=ALL-UNNAMED --add-opens=java.base/java.lang=ALL-UNNAMED --add-opens=java.base/java.lang.invoke=ALL-UNNAMED --add-opens=java.prefs/java.util.prefs=ALL-UNNAMED -XX:MaxMetaspaceSize=256m -XX:+HeapDumpOnOutOfMemoryError -Xms256m -Xmx512m -Dfile.encoding=windows-1252 -Duser.country=PE -Duser.language=es -Duser.variant org.gradle.launcher.daemon.bootstrap.GradleDaemon 6.2

Host: AMD Athlon(tm) II Dual-Core M300, 2 cores, 2G,  Windows 10 , 64 bit Build 14393 (10.0.14393.0)
Time: Mon Feb 15 23:31:39 2021 Hora est. Pacífico, Sudamérica elapsed time: 59.657019 seconds (0d 0h 0m 59s)

---------------  T H R E A D  ---------------

Current thread (0x000002125ea59930):  JavaThread "C2 CompilerThread0" daemon [_thread_in_native, id=5332, stack(0x0000006096a00000,0x0000006096b00000)]


Current CompileTask:
C2:  59657 2177       4       jdk.internal.org.objectweb.asm.Frame::execute (2305 bytes)

Stack: [0x0000006096a00000,0x0000006096b00000]
Native frames: (J=compiled Java code, j=interpreted, Vv=VM code, C=native code)
V  [jvm.dll+0x62ae9a]
V  [jvm.dll+0x7817a9]
V  [jvm.dll+0x782f03]
V  [jvm.dll+0x783563]
V  [jvm.dll+0x216325]
V  [jvm.dll+0x97f3a]
V  [jvm.dll+0x9861c]
V  [jvm.dll+0x32e2a8]
V  [jvm.dll+0x2f768a]
V  [jvm.dll+0x2f6a4a]
V  [jvm.dll+0x1ea705]
V  [jvm.dll+0x1e996e]
V  [jvm.dll+0x178567]
V  [jvm.dll+0x1f9225]
V  [jvm.dll+0x1f72cc]
V  [jvm.dll+0x74495d]
V  [jvm.dll+0x73d75a]
V  [jvm.dll+0x629c56]
C  [ucrtbase.dll+0x1cab0]
C  [KERNEL32.DLL+0x8364]
C  [ntdll.dll+0x65e91]


---------------  P R O C E S S  ---------------

Threads class SMR info:
_java_thread_list=0x000002126212f320, length=26, elements={
0x00000212425c5ef0, 0x000002125ea0fd30, 0x000002125ea113a0, 0x000002125ea2ddd0,
0x000002125ea2e880, 0x000002125ea38b40, 0x000002125ea59930, 0x000002125ea5c4e0,
0x000002125ea68ca0, 0x000002125f4ab170, 0x000002125f4c5aa0, 0x000002125fdca790,
0x00000212609a5560, 0x00000212606c6ac0, 0x00000212602a1070, 0x0000021260bb9940,
0x000002126040aa60, 0x00000212604a14d0, 0x0000021260a1d020, 0x0000021260b9dd30,
0x000002125fe89360, 0x000002125fe86810, 0x000002125fe889c0, 0x000002125fe88020,
0x000002125fe871b0, 0x000002125fe87b50
}

Java Threads: ( => current thread )
  0x00000212425c5ef0 JavaThread "main" [_thread_blocked, id=2740, stack(0x0000006095e00000,0x0000006095f00000)]
  0x000002125ea0fd30 JavaThread "Reference Handler" daemon [_thread_blocked, id=1584, stack(0x0000006096500000,0x0000006096600000)]
  0x000002125ea113a0 JavaThread "Finalizer" daemon [_thread_blocked, id=5752, stack(0x0000006096600000,0x0000006096700000)]
  0x000002125ea2ddd0 JavaThread "Signal Dispatcher" daemon [_thread_blocked, id=3788, stack(0x0000006096700000,0x0000006096800000)]
  0x000002125ea2e880 JavaThread "Attach Listener" daemon [_thread_blocked, id=7144, stack(0x0000006096800000,0x0000006096900000)]
  0x000002125ea38b40 JavaThread "Service Thread" daemon [_thread_blocked, id=3564, stack(0x0000006096900000,0x0000006096a00000)]
=>0x000002125ea59930 JavaThread "C2 CompilerThread0" daemon [_thread_in_native, id=5332, stack(0x0000006096a00000,0x0000006096b00000)]
  0x000002125ea5c4e0 JavaThread "C1 CompilerThread0" daemon [_thread_blocked, id=3832, stack(0x0000006096b00000,0x0000006096c00000)]
  0x000002125ea68ca0 JavaThread "Sweeper thread" daemon [_thread_blocked, id=5388, stack(0x0000006096c00000,0x0000006096d00000)]
  0x000002125f4ab170 JavaThread "Common-Cleaner" daemon [_thread_blocked, id=2372, stack(0x0000006096d00000,0x0000006096e00000)]
  0x000002125f4c5aa0 JavaThread "Notification Thread" daemon [_thread_blocked, id=4332, stack(0x0000006096e00000,0x0000006096f00000)]
  0x000002125fdca790 JavaThread "Daemon health stats" [_thread_blocked, id=4252, stack(0x0000006097200000,0x0000006097300000)]
  0x00000212609a5560 JavaThread "Incoming local TCP Connector on port 57262" [_thread_in_native, id=6236, stack(0x0000006097300000,0x0000006097400000)]
  0x00000212606c6ac0 JavaThread "Daemon periodic checks" [_thread_blocked, id=840, stack(0x0000006097400000,0x0000006097500000)]
  0x00000212602a1070 JavaThread "Daemon" [_thread_blocked, id=3088, stack(0x0000006097500000,0x0000006097600000)]
  0x0000021260bb9940 JavaThread "Handler for socket connection from /127.0.0.1:57262 to /127.0.0.1:57264" [_thread_in_native, id=3144, stack(0x0000006097600000,0x0000006097700000)]
  0x000002126040aa60 JavaThread "Cancel handler" [_thread_blocked, id=2820, stack(0x0000006097700000,0x0000006097800000)]
  0x00000212604a14d0 JavaThread "Daemon worker" [_thread_in_native, id=6696, stack(0x0000006097800000,0x0000006097900000)]
  0x0000021260a1d020 JavaThread "Asynchronous log dispatcher for DefaultDaemonConnection: socket connection from /127.0.0.1:57262 to /127.0.0.1:57264" [_thread_blocked, id=1228, stack(0x0000006097900000,0x0000006097a00000)]
  0x0000021260b9dd30 JavaThread "Stdin handler" [_thread_blocked, id=4224, stack(0x0000006097a00000,0x0000006097b00000)]
  0x000002125fe89360 JavaThread "Thread-8" [_thread_blocked, id=4560, stack(0x0000006097b00000,0x0000006097c00000)]
  0x000002125fe86810 JavaThread "Cache worker for journal cache (C:\Users\Wilmer\.gradle\caches\journal-1)" [_thread_blocked, id=1164, stack(0x0000006097c00000,0x0000006097d00000)]
  0x000002125fe889c0 JavaThread "File lock request listener" [_thread_in_native, id=6688, stack(0x0000006097d00000,0x0000006097e00000)]
  0x000002125fe88020 JavaThread "Cache worker for file hash cache (C:\Users\Wilmer\.gradle\caches\6.2\fileHashes)" [_thread_blocked, id=2956, stack(0x0000006097e00000,0x0000006097f00000)]
  0x000002125fe871b0 JavaThread "Cache worker for checksums cache (C:\Users\Wilmer\Desktop\mojitos\rnmojo\android\.gradle\checksums)" [_thread_blocked, id=5548, stack(0x0000006097f00000,0x0000006098000000)]
  0x000002125fe87b50 JavaThread "Cache worker for file hash cache (C:\Users\Wilmer\Desktop\mojitos\rnmojo\android\.gradle\6.2\fileHashes)" [_thread_blocked, id=4228, stack(0x0000006098000000,0x0000006098100000)]

Other Threads:
  0x000002125ea09c40 VMThread "VM Thread" [stack: 0x0000006096400000,0x0000006096500000] [id=6836]
  0x000002125f4c8440 WatcherThread [stack: 0x0000006096f00000,0x0000006097000000] [id=5552]
  0x00000212425ecc60 GCTaskThread "GC Thread#0" [stack: 0x0000006095f00000,0x0000006096000000] [id=2988]
  0x000002125fc46f70 GCTaskThread "GC Thread#1" [stack: 0x0000006097000000,0x0000006097100000] [id=5860]
  0x00000212425f1f30 ConcurrentGCThread "G1 Main Marker" [stack: 0x0000006096000000,0x0000006096100000] [id=6820]
  0x00000212425f2ba0 ConcurrentGCThread "G1 Conc#0" [stack: 0x0000006096100000,0x0000006096200000] [id=6516]
  0x0000021242694ee0 ConcurrentGCThread "G1 Refine#0" [stack: 0x0000006096200000,0x0000006096300000] [id=6216]
  0x000002125f825ce0 ConcurrentGCThread "G1 Refine#1" [stack: 0x0000006097100000,0x0000006097200000] [id=2332]
  0x0000021242695b60 ConcurrentGCThread "G1 Young RemSet Sampling" [stack: 0x0000006096300000,0x0000006096400000] [id=5844]

Threads with active compile tasks:
C2 CompilerThread0    61483 2177       4       jdk.internal.org.objectweb.asm.Frame::execute (2305 bytes)

VM state: not at safepoint (normal execution)

VM Mutex/Monitor currently owned by a thread: None

Heap address: 0x00000000e0000000, size: 512 MB, Compressed Oops mode: 32-bit
CDS archive(s) mapped at: [0x0000000800000000-0x0000000800b50000-0x0000000800b50000), size 11862016, SharedBaseAddress: 0x0000000800000000, ArchiveRelocationMode: 0.
Compressed class space mapped at: 0x0000000800b50000-0x0000000810350000, size: 260046848
Narrow klass base: 0x0000000800000000, Narrow klass shift: 3, Narrow klass range: 0x100000000

GC Precious Log:
 CPUs: 2 total, 2 available
 Memory: 2812M
 Large Page Support: Disabled
 NUMA Support: Disabled
 Compressed Oops: Enabled (32-bit)
 Heap Region Size: 1M
 Heap Min Capacity: 256M
 Heap Initial Capacity: 256M
 Heap Max Capacity: 512M
 Pre-touch: Disabled
 Parallel Workers: 2
 Concurrent Workers: 1
 Concurrent Refinement Workers: 2
 Periodic GC: Disabled

Heap:
 garbage-first heap   total 262144K, used 67055K [0x00000000e0000000, 0x0000000100000000)
  region size 1024K, 57 young (58368K), 4 survivors (4096K)
 Metaspace       used 16933K, capacity 17397K, committed 17664K, reserved 270336K
  class space    used 2336K, capacity 2495K, committed 2560K, reserved 253952K

Heap Regions: E=young(eden), S=young(survivor), O=old, HS=humongous(starts), HC=humongous(continues), CS=collection set, F=free, OA=open archive, CA=closed archive, TAMS=top-at-mark-start (previous, next)
|   0|0x00000000e0000000, 0x00000000e0100000, 0x00000000e0100000|100%| O|  |TAMS 0x00000000e0000000, 0x00000000e0000000| Untracked 
|   1|0x00000000e0100000, 0x00000000e0200000, 0x00000000e0200000|100%| O|  |TAMS 0x00000000e0100000, 0x00000000e0100000| Untracked 
|   2|0x00000000e0200000, 0x00000000e0300000, 0x00000000e0300000|100%| O|  |TAMS 0x00000000e0200000, 0x00000000e0200000| Untracked 
|   3|0x00000000e0300000, 0x00000000e0400000, 0x00000000e0400000|100%|HS|  |TAMS 0x00000000e0300000, 0x00000000e0300000| Complete 
|   4|0x00000000e0400000, 0x00000000e0500000, 0x00000000e0500000|100%|HC|  |TAMS 0x00000000e0400000, 0x00000000e0400000| Complete 
|   5|0x00000000e0500000, 0x00000000e0600000, 0x00000000e0600000|100%|HC|  |TAMS 0x00000000e0500000, 0x00000000e0500000| Complete 
|   6|0x00000000e0600000, 0x00000000e0700000, 0x00000000e0700000|100%| O|  |TAMS 0x00000000e0600000, 0x00000000e0600000| Untracked 
|   7|0x00000000e0700000, 0x00000000e0800000, 0x00000000e0800000|100%| O|  |TAMS 0x00000000e0700000, 0x00000000e0700000| Untracked 
|   8|0x00000000e0800000, 0x00000000e0900000, 0x00000000e0900000|100%| O|  |TAMS 0x00000000e0800000, 0x00000000e0800000| Untracked 
|   9|0x00000000e0900000, 0x00000000e097bc00, 0x00000000e0a00000| 48%| O|  |TAMS 0x00000000e0900000, 0x00000000e0900000| Untracked 
|  10|0x00000000e0a00000, 0x00000000e0a00000, 0x00000000e0b00000|  0%| F|  |TAMS 0x00000000e0a00000, 0x00000000e0a00000| Untracked 
|  11|0x00000000e0b00000, 0x00000000e0b00000, 0x00000000e0c00000|  0%| F|  |TAMS 0x00000000e0b00000, 0x00000000e0b00000| Untracked 
|  12|0x00000000e0c00000, 0x00000000e0c00000, 0x00000000e0d00000|  0%| F|  |TAMS 0x00000000e0c00000, 0x00000000e0c00000| Untracked 
|  13|0x00000000e0d00000, 0x00000000e0d00000, 0x00000000e0e00000|  0%| F|  |TAMS 0x00000000e0d00000, 0x00000000e0d00000| Untracked 
|  14|0x00000000e0e00000, 0x00000000e0e00000, 0x00000000e0f00000|  0%| F|  |TAMS 0x00000000e0e00000, 0x00000000e0e00000| Untracked 
|  15|0x00000000e0f00000, 0x00000000e0f00000, 0x00000000e1000000|  0%| F|  |TAMS 0x00000000e0f00000, 0x00000000e0f00000| Untracked 
|  16|0x00000000e1000000, 0x00000000e1000000, 0x00000000e1100000|  0%| F|  |TAMS 0x00000000e1000000, 0x00000000e1000000| Untracked 
|  17|0x00000000e1100000, 0x00000000e1100000, 0x00000000e1200000|  0%| F|  |TAMS 0x00000000e1100000, 0x00000000e1100000| Untracked 
|  18|0x00000000e1200000, 0x00000000e1200000, 0x00000000e1300000|  0%| F|  |TAMS 0x00000000e1200000, 0x00000000e1200000| Untracked 
|  19|0x00000000e1300000, 0x00000000e1300000, 0x00000000e1400000|  0%| F|  |TAMS 0x00000000e1300000, 0x00000000e1300000| Untracked 
|  20|0x00000000e1400000, 0x00000000e1400000, 0x00000000e1500000|  0%| F|  |TAMS 0x00000000e1400000, 0x00000000e1400000| Untracked 
|  21|0x00000000e1500000, 0x00000000e1500000, 0x00000000e1600000|  0%| F|  |TAMS 0x00000000e1500000, 0x00000000e1500000| Untracked 
|  22|0x00000000e1600000, 0x00000000e1600000, 0x00000000e1700000|  0%| F|  |TAMS 0x00000000e1600000, 0x00000000e1600000| Untracked 
|  23|0x00000000e1700000, 0x00000000e1700000, 0x00000000e1800000|  0%| F|  |TAMS 0x00000000e1700000, 0x00000000e1700000| Untracked 
|  24|0x00000000e1800000, 0x00000000e1800000, 0x00000000e1900000|  0%| F|  |TAMS 0x00000000e1800000, 0x00000000e1800000| Untracked 
|  25|0x00000000e1900000, 0x00000000e1900000, 0x00000000e1a00000|  0%| F|  |TAMS 0x00000000e1900000, 0x00000000e1900000| Untracked 
|  26|0x00000000e1a00000, 0x00000000e1a00000, 0x00000000e1b00000|  0%| F|  |TAMS 0x00000000e1a00000, 0x00000000e1a00000| Untracked 
|  27|0x00000000e1b00000, 0x00000000e1b00000, 0x00000000e1c00000|  0%| F|  |TAMS 0x00000000e1b00000, 0x00000000e1b00000| Untracked 
|  28|0x00000000e1c00000, 0x00000000e1c00000, 0x00000000e1d00000|  0%| F|  |TAMS 0x00000000e1c00000, 0x00000000e1c00000| Untracked 
|  29|0x00000000e1d00000, 0x00000000e1d00000, 0x00000000e1e00000|  0%| F|  |TAMS 0x00000000e1d00000, 0x00000000e1d00000| Untracked 
|  30|0x00000000e1e00000, 0x00000000e1e00000, 0x00000000e1f00000|  0%| F|  |TAMS 0x00000000e1e00000, 0x00000000e1e00000| Untracked 
|  31|0x00000000e1f00000, 0x00000000e1f00000, 0x00000000e2000000|  0%| F|  |TAMS 0x00000000e1f00000, 0x00000000e1f00000| Untracked 
|  32|0x00000000e2000000, 0x00000000e2000000, 0x00000000e2100000|  0%| F|  |TAMS 0x00000000e2000000, 0x00000000e2000000| Untracked 
|  33|0x00000000e2100000, 0x00000000e2100000, 0x00000000e2200000|  0%| F|  |TAMS 0x00000000e2100000, 0x00000000e2100000| Untracked 
|  34|0x00000000e2200000, 0x00000000e2200000, 0x00000000e2300000|  0%| F|  |TAMS 0x00000000e2200000, 0x00000000e2200000| Untracked 
|  35|0x00000000e2300000, 0x00000000e2300000, 0x00000000e2400000|  0%| F|  |TAMS 0x00000000e2300000, 0x00000000e2300000| Untracked 
|  36|0x00000000e2400000, 0x00000000e2400000, 0x00000000e2500000|  0%| F|  |TAMS 0x00000000e2400000, 0x00000000e2400000| Untracked 
|  37|0x00000000e2500000, 0x00000000e2500000, 0x00000000e2600000|  0%| F|  |TAMS 0x00000000e2500000, 0x00000000e2500000| Untracked 
|  38|0x00000000e2600000, 0x00000000e2600000, 0x00000000e2700000|  0%| F|  |TAMS 0x00000000e2600000, 0x00000000e2600000| Untracked 
|  39|0x00000000e2700000, 0x00000000e2700000, 0x00000000e2800000|  0%| F|  |TAMS 0x00000000e2700000, 0x00000000e2700000| Untracked 
|  40|0x00000000e2800000, 0x00000000e2800000, 0x00000000e2900000|  0%| F|  |TAMS 0x00000000e2800000, 0x00000000e2800000| Untracked 
|  41|0x00000000e2900000, 0x00000000e2900000, 0x00000000e2a00000|  0%| F|  |TAMS 0x00000000e2900000, 0x00000000e2900000| Untracked 
|  42|0x00000000e2a00000, 0x00000000e2a00000, 0x00000000e2b00000|  0%| F|  |TAMS 0x00000000e2a00000, 0x00000000e2a00000| Untracked 
|  43|0x00000000e2b00000, 0x00000000e2b00000, 0x00000000e2c00000|  0%| F|  |TAMS 0x00000000e2b00000, 0x00000000e2b00000| Untracked 
|  44|0x00000000e2c00000, 0x00000000e2c00000, 0x00000000e2d00000|  0%| F|  |TAMS 0x00000000e2c00000, 0x00000000e2c00000| Untracked 
|  45|0x00000000e2d00000, 0x00000000e2d00000, 0x00000000e2e00000|  0%| F|  |TAMS 0x00000000e2d00000, 0x00000000e2d00000| Untracked 
|  46|0x00000000e2e00000, 0x00000000e2e00000, 0x00000000e2f00000|  0%| F|  |TAMS 0x00000000e2e00000, 0x00000000e2e00000| Untracked 
|  47|0x00000000e2f00000, 0x00000000e2f00000, 0x00000000e3000000|  0%| F|  |TAMS 0x00000000e2f00000, 0x00000000e2f00000| Untracked 
|  48|0x00000000e3000000, 0x00000000e3000000, 0x00000000e3100000|  0%| F|  |TAMS 0x00000000e3000000, 0x00000000e3000000| Untracked 
|  49|0x00000000e3100000, 0x00000000e3100000, 0x00000000e3200000|  0%| F|  |TAMS 0x00000000e3100000, 0x00000000e3100000| Untracked 
|  50|0x00000000e3200000, 0x00000000e3200000, 0x00000000e3300000|  0%| F|  |TAMS 0x00000000e3200000, 0x00000000e3200000| Untracked 
|  51|0x00000000e3300000, 0x00000000e3300000, 0x00000000e3400000|  0%| F|  |TAMS 0x00000000e3300000, 0x00000000e3300000| Untracked 
|  52|0x00000000e3400000, 0x00000000e3400000, 0x00000000e3500000|  0%| F|  |TAMS 0x00000000e3400000, 0x00000000e3400000| Untracked 
|  53|0x00000000e3500000, 0x00000000e3500000, 0x00000000e3600000|  0%| F|  |TAMS 0x00000000e3500000, 0x00000000e3500000| Untracked 
|  54|0x00000000e3600000, 0x00000000e3600000, 0x00000000e3700000|  0%| F|  |TAMS 0x00000000e3600000, 0x00000000e3600000| Untracked 
|  55|0x00000000e3700000, 0x00000000e3700000, 0x00000000e3800000|  0%| F|  |TAMS 0x00000000e3700000, 0x00000000e3700000| Untracked 
|  56|0x00000000e3800000, 0x00000000e3800000, 0x00000000e3900000|  0%| F|  |TAMS 0x00000000e3800000, 0x00000000e3800000| Untracked 
|  57|0x00000000e3900000, 0x00000000e3900000, 0x00000000e3a00000|  0%| F|  |TAMS 0x00000000e3900000, 0x00000000e3900000| Untracked 
|  58|0x00000000e3a00000, 0x00000000e3a00000, 0x00000000e3b00000|  0%| F|  |TAMS 0x00000000e3a00000, 0x00000000e3a00000| Untracked 
|  59|0x00000000e3b00000, 0x00000000e3b00000, 0x00000000e3c00000|  0%| F|  |TAMS 0x00000000e3b00000, 0x00000000e3b00000| Untracked 
|  60|0x00000000e3c00000, 0x00000000e3c00000, 0x00000000e3d00000|  0%| F|  |TAMS 0x00000000e3c00000, 0x00000000e3c00000| Untracked 
|  61|0x00000000e3d00000, 0x00000000e3d00000, 0x00000000e3e00000|  0%| F|  |TAMS 0x00000000e3d00000, 0x00000000e3d00000| Untracked 
|  62|0x00000000e3e00000, 0x00000000e3e00000, 0x00000000e3f00000|  0%| F|  |TAMS 0x00000000e3e00000, 0x00000000e3e00000| Untracked 
|  63|0x00000000e3f00000, 0x00000000e3f00000, 0x00000000e4000000|  0%| F|  |TAMS 0x00000000e3f00000, 0x00000000e3f00000| Untracked 
|  64|0x00000000e4000000, 0x00000000e4000000, 0x00000000e4100000|  0%| F|  |TAMS 0x00000000e4000000, 0x00000000e4000000| Untracked 
|  65|0x00000000e4100000, 0x00000000e4100000, 0x00000000e4200000|  0%| F|  |TAMS 0x00000000e4100000, 0x00000000e4100000| Untracked 
|  66|0x00000000e4200000, 0x00000000e4200000, 0x00000000e4300000|  0%| F|  |TAMS 0x00000000e4200000, 0x00000000e4200000| Untracked 
|  67|0x00000000e4300000, 0x00000000e4300000, 0x00000000e4400000|  0%| F|  |TAMS 0x00000000e4300000, 0x00000000e4300000| Untracked 
|  68|0x00000000e4400000, 0x00000000e4400000, 0x00000000e4500000|  0%| F|  |TAMS 0x00000000e4400000, 0x00000000e4400000| Untracked 
|  69|0x00000000e4500000, 0x00000000e4500000, 0x00000000e4600000|  0%| F|  |TAMS 0x00000000e4500000, 0x00000000e4500000| Untracked 
|  70|0x00000000e4600000, 0x00000000e4600000, 0x00000000e4700000|  0%| F|  |TAMS 0x00000000e4600000, 0x00000000e4600000| Untracked 
|  71|0x00000000e4700000, 0x00000000e4700000, 0x00000000e4800000|  0%| F|  |TAMS 0x00000000e4700000, 0x00000000e4700000| Untracked 
|  72|0x00000000e4800000, 0x00000000e4800000, 0x00000000e4900000|  0%| F|  |TAMS 0x00000000e4800000, 0x00000000e4800000| Untracked 
|  73|0x00000000e4900000, 0x00000000e4900000, 0x00000000e4a00000|  0%| F|  |TAMS 0x00000000e4900000, 0x00000000e4900000| Untracked 
|  74|0x00000000e4a00000, 0x00000000e4a00000, 0x00000000e4b00000|  0%| F|  |TAMS 0x00000000e4a00000, 0x00000000e4a00000| Untracked 
|  75|0x00000000e4b00000, 0x00000000e4b00000, 0x00000000e4c00000|  0%| F|  |TAMS 0x00000000e4b00000, 0x00000000e4b00000| Untracked 
|  76|0x00000000e4c00000, 0x00000000e4c00000, 0x00000000e4d00000|  0%| F|  |TAMS 0x00000000e4c00000, 0x00000000e4c00000| Untracked 
|  77|0x00000000e4d00000, 0x00000000e4d00000, 0x00000000e4e00000|  0%| F|  |TAMS 0x00000000e4d00000, 0x00000000e4d00000| Untracked 
|  78|0x00000000e4e00000, 0x00000000e4e00000, 0x00000000e4f00000|  0%| F|  |TAMS 0x00000000e4e00000, 0x00000000e4e00000| Untracked 
|  79|0x00000000e4f00000, 0x00000000e4f00000, 0x00000000e5000000|  0%| F|  |TAMS 0x00000000e4f00000, 0x00000000e4f00000| Untracked 
|  80|0x00000000e5000000, 0x00000000e5000000, 0x00000000e5100000|  0%| F|  |TAMS 0x00000000e5000000, 0x00000000e5000000| Untracked 
|  81|0x00000000e5100000, 0x00000000e5100000, 0x00000000e5200000|  0%| F|  |TAMS 0x00000000e5100000, 0x00000000e5100000| Untracked 
|  82|0x00000000e5200000, 0x00000000e5200000, 0x00000000e5300000|  0%| F|  |TAMS 0x00000000e5200000, 0x00000000e5200000| Untracked 
|  83|0x00000000e5300000, 0x00000000e5300000, 0x00000000e5400000|  0%| F|  |TAMS 0x00000000e5300000, 0x00000000e5300000| Untracked 
|  84|0x00000000e5400000, 0x00000000e5400000, 0x00000000e5500000|  0%| F|  |TAMS 0x00000000e5400000, 0x00000000e5400000| Untracked 
|  85|0x00000000e5500000, 0x00000000e5500000, 0x00000000e5600000|  0%| F|  |TAMS 0x00000000e5500000, 0x00000000e5500000| Untracked 
|  86|0x00000000e5600000, 0x00000000e5600000, 0x00000000e5700000|  0%| F|  |TAMS 0x00000000e5600000, 0x00000000e5600000| Untracked 
|  87|0x00000000e5700000, 0x00000000e5700000, 0x00000000e5800000|  0%| F|  |TAMS 0x00000000e5700000, 0x00000000e5700000| Untracked 
|  88|0x00000000e5800000, 0x00000000e5800000, 0x00000000e5900000|  0%| F|  |TAMS 0x00000000e5800000, 0x00000000e5800000| Untracked 
|  89|0x00000000e5900000, 0x00000000e5900000, 0x00000000e5a00000|  0%| F|  |TAMS 0x00000000e5900000, 0x00000000e5900000| Untracked 
|  90|0x00000000e5a00000, 0x00000000e5a00000, 0x00000000e5b00000|  0%| F|  |TAMS 0x00000000e5a00000, 0x00000000e5a00000| Untracked 
|  91|0x00000000e5b00000, 0x00000000e5b00000, 0x00000000e5c00000|  0%| F|  |TAMS 0x00000000e5b00000, 0x00000000e5b00000| Untracked 
|  92|0x00000000e5c00000, 0x00000000e5c00000, 0x00000000e5d00000|  0%| F|  |TAMS 0x00000000e5c00000, 0x00000000e5c00000| Untracked 
|  93|0x00000000e5d00000, 0x00000000e5d00000, 0x00000000e5e00000|  0%| F|  |TAMS 0x00000000e5d00000, 0x00000000e5d00000| Untracked 
|  94|0x00000000e5e00000, 0x00000000e5e00000, 0x00000000e5f00000|  0%| F|  |TAMS 0x00000000e5e00000, 0x00000000e5e00000| Untracked 
|  95|0x00000000e5f00000, 0x00000000e5f00000, 0x00000000e6000000|  0%| F|  |TAMS 0x00000000e5f00000, 0x00000000e5f00000| Untracked 
|  96|0x00000000e6000000, 0x00000000e6000000, 0x00000000e6100000|  0%| F|  |TAMS 0x00000000e6000000, 0x00000000e6000000| Untracked 
|  97|0x00000000e6100000, 0x00000000e6100000, 0x00000000e6200000|  0%| F|  |TAMS 0x00000000e6100000, 0x00000000e6100000| Untracked 
|  98|0x00000000e6200000, 0x00000000e6200000, 0x00000000e6300000|  0%| F|  |TAMS 0x00000000e6200000, 0x00000000e6200000| Untracked 
|  99|0x00000000e6300000, 0x00000000e6300000, 0x00000000e6400000|  0%| F|  |TAMS 0x00000000e6300000, 0x00000000e6300000| Untracked 
| 100|0x00000000e6400000, 0x00000000e6400000, 0x00000000e6500000|  0%| F|  |TAMS 0x00000000e6400000, 0x00000000e6400000| Untracked 
| 101|0x00000000e6500000, 0x00000000e6500000, 0x00000000e6600000|  0%| F|  |TAMS 0x00000000e6500000, 0x00000000e6500000| Untracked 
| 102|0x00000000e6600000, 0x00000000e6600000, 0x00000000e6700000|  0%| F|  |TAMS 0x00000000e6600000, 0x00000000e6600000| Untracked 
| 103|0x00000000e6700000, 0x00000000e6700000, 0x00000000e6800000|  0%| F|  |TAMS 0x00000000e6700000, 0x00000000e6700000| Untracked 
| 104|0x00000000e6800000, 0x00000000e6800000, 0x00000000e6900000|  0%| F|  |TAMS 0x00000000e6800000, 0x00000000e6800000| Untracked 
| 105|0x00000000e6900000, 0x00000000e6900000, 0x00000000e6a00000|  0%| F|  |TAMS 0x00000000e6900000, 0x00000000e6900000| Untracked 
| 106|0x00000000e6a00000, 0x00000000e6a00000, 0x00000000e6b00000|  0%| F|  |TAMS 0x00000000e6a00000, 0x00000000e6a00000| Untracked 
| 107|0x00000000e6b00000, 0x00000000e6b00000, 0x00000000e6c00000|  0%| F|  |TAMS 0x00000000e6b00000, 0x00000000e6b00000| Untracked 
| 108|0x00000000e6c00000, 0x00000000e6c00000, 0x00000000e6d00000|  0%| F|  |TAMS 0x00000000e6c00000, 0x00000000e6c00000| Untracked 
| 109|0x00000000e6d00000, 0x00000000e6d00000, 0x00000000e6e00000|  0%| F|  |TAMS 0x00000000e6d00000, 0x00000000e6d00000| Untracked 
| 110|0x00000000e6e00000, 0x00000000e6e00000, 0x00000000e6f00000|  0%| F|  |TAMS 0x00000000e6e00000, 0x00000000e6e00000| Untracked 
| 111|0x00000000e6f00000, 0x00000000e6f00000, 0x00000000e7000000|  0%| F|  |TAMS 0x00000000e6f00000, 0x00000000e6f00000| Untracked 
| 112|0x00000000e7000000, 0x00000000e7000000, 0x00000000e7100000|  0%| F|  |TAMS 0x00000000e7000000, 0x00000000e7000000| Untracked 
| 113|0x00000000e7100000, 0x00000000e7100000, 0x00000000e7200000|  0%| F|  |TAMS 0x00000000e7100000, 0x00000000e7100000| Untracked 
| 114|0x00000000e7200000, 0x00000000e7200000, 0x00000000e7300000|  0%| F|  |TAMS 0x00000000e7200000, 0x00000000e7200000| Untracked 
| 115|0x00000000e7300000, 0x00000000e7300000, 0x00000000e7400000|  0%| F|  |TAMS 0x00000000e7300000, 0x00000000e7300000| Untracked 
| 116|0x00000000e7400000, 0x00000000e7400000, 0x00000000e7500000|  0%| F|  |TAMS 0x00000000e7400000, 0x00000000e7400000| Untracked 
| 117|0x00000000e7500000, 0x00000000e7500000, 0x00000000e7600000|  0%| F|  |TAMS 0x00000000e7500000, 0x00000000e7500000| Untracked 
| 118|0x00000000e7600000, 0x00000000e7600000, 0x00000000e7700000|  0%| F|  |TAMS 0x00000000e7600000, 0x00000000e7600000| Untracked 
| 119|0x00000000e7700000, 0x00000000e7700000, 0x00000000e7800000|  0%| F|  |TAMS 0x00000000e7700000, 0x00000000e7700000| Untracked 
| 120|0x00000000e7800000, 0x00000000e7800000, 0x00000000e7900000|  0%| F|  |TAMS 0x00000000e7800000, 0x00000000e7800000| Untracked 
| 121|0x00000000e7900000, 0x00000000e7900000, 0x00000000e7a00000|  0%| F|  |TAMS 0x00000000e7900000, 0x00000000e7900000| Untracked 
| 122|0x00000000e7a00000, 0x00000000e7a00000, 0x00000000e7b00000|  0%| F|  |TAMS 0x00000000e7a00000, 0x00000000e7a00000| Untracked 
| 123|0x00000000e7b00000, 0x00000000e7b00000, 0x00000000e7c00000|  0%| F|  |TAMS 0x00000000e7b00000, 0x00000000e7b00000| Untracked 
| 124|0x00000000e7c00000, 0x00000000e7c00000, 0x00000000e7d00000|  0%| F|  |TAMS 0x00000000e7c00000, 0x00000000e7c00000| Untracked 
| 125|0x00000000e7d00000, 0x00000000e7d00000, 0x00000000e7e00000|  0%| F|  |TAMS 0x00000000e7d00000, 0x00000000e7d00000| Untracked 
| 126|0x00000000e7e00000, 0x00000000e7e00000, 0x00000000e7f00000|  0%| F|  |TAMS 0x00000000e7e00000, 0x00000000e7e00000| Untracked 
| 127|0x00000000e7f00000, 0x00000000e7f00000, 0x00000000e8000000|  0%| F|  |TAMS 0x00000000e7f00000, 0x00000000e7f00000| Untracked 
| 128|0x00000000e8000000, 0x00000000e8000000, 0x00000000e8100000|  0%| F|  |TAMS 0x00000000e8000000, 0x00000000e8000000| Untracked 
| 129|0x00000000e8100000, 0x00000000e8100000, 0x00000000e8200000|  0%| F|  |TAMS 0x00000000e8100000, 0x00000000e8100000| Untracked 
| 130|0x00000000e8200000, 0x00000000e8200000, 0x00000000e8300000|  0%| F|  |TAMS 0x00000000e8200000, 0x00000000e8200000| Untracked 
| 131|0x00000000e8300000, 0x00000000e8300000, 0x00000000e8400000|  0%| F|  |TAMS 0x00000000e8300000, 0x00000000e8300000| Untracked 
| 132|0x00000000e8400000, 0x00000000e8400000, 0x00000000e8500000|  0%| F|  |TAMS 0x00000000e8400000, 0x00000000e8400000| Untracked 
| 133|0x00000000e8500000, 0x00000000e8500000, 0x00000000e8600000|  0%| F|  |TAMS 0x00000000e8500000, 0x00000000e8500000| Untracked 
| 134|0x00000000e8600000, 0x00000000e8600000, 0x00000000e8700000|  0%| F|  |TAMS 0x00000000e8600000, 0x00000000e8600000| Untracked 
| 135|0x00000000e8700000, 0x00000000e8700000, 0x00000000e8800000|  0%| F|  |TAMS 0x00000000e8700000, 0x00000000e8700000| Untracked 
| 136|0x00000000e8800000, 0x00000000e8800000, 0x00000000e8900000|  0%| F|  |TAMS 0x00000000e8800000, 0x00000000e8800000| Untracked 
| 137|0x00000000e8900000, 0x00000000e8900000, 0x00000000e8a00000|  0%| F|  |TAMS 0x00000000e8900000, 0x00000000e8900000| Untracked 
| 138|0x00000000e8a00000, 0x00000000e8a00000, 0x00000000e8b00000|  0%| F|  |TAMS 0x00000000e8a00000, 0x00000000e8a00000| Untracked 
| 139|0x00000000e8b00000, 0x00000000e8b00000, 0x00000000e8c00000|  0%| F|  |TAMS 0x00000000e8b00000, 0x00000000e8b00000| Untracked 
| 140|0x00000000e8c00000, 0x00000000e8c00000, 0x00000000e8d00000|  0%| F|  |TAMS 0x00000000e8c00000, 0x00000000e8c00000| Untracked 
| 141|0x00000000e8d00000, 0x00000000e8d00000, 0x00000000e8e00000|  0%| F|  |TAMS 0x00000000e8d00000, 0x00000000e8d00000| Untracked 
| 142|0x00000000e8e00000, 0x00000000e8e00000, 0x00000000e8f00000|  0%| F|  |TAMS 0x00000000e8e00000, 0x00000000e8e00000| Untracked 
| 143|0x00000000e8f00000, 0x00000000e8f00000, 0x00000000e9000000|  0%| F|  |TAMS 0x00000000e8f00000, 0x00000000e8f00000| Untracked 
| 144|0x00000000e9000000, 0x00000000e9000000, 0x00000000e9100000|  0%| F|  |TAMS 0x00000000e9000000, 0x00000000e9000000| Untracked 
| 145|0x00000000e9100000, 0x00000000e9100000, 0x00000000e9200000|  0%| F|  |TAMS 0x00000000e9100000, 0x00000000e9100000| Untracked 
| 146|0x00000000e9200000, 0x00000000e9200000, 0x00000000e9300000|  0%| F|  |TAMS 0x00000000e9200000, 0x00000000e9200000| Untracked 
| 147|0x00000000e9300000, 0x00000000e9300000, 0x00000000e9400000|  0%| F|  |TAMS 0x00000000e9300000, 0x00000000e9300000| Untracked 
| 148|0x00000000e9400000, 0x00000000e9400000, 0x00000000e9500000|  0%| F|  |TAMS 0x00000000e9400000, 0x00000000e9400000| Untracked 
| 149|0x00000000e9500000, 0x00000000e9500000, 0x00000000e9600000|  0%| F|  |TAMS 0x00000000e9500000, 0x00000000e9500000| Untracked 
| 150|0x00000000e9600000, 0x00000000e9600000, 0x00000000e9700000|  0%| F|  |TAMS 0x00000000e9600000, 0x00000000e9600000| Untracked 
| 151|0x00000000e9700000, 0x00000000e9700000, 0x00000000e9800000|  0%| F|  |TAMS 0x00000000e9700000, 0x00000000e9700000| Untracked 
| 152|0x00000000e9800000, 0x00000000e9800000, 0x00000000e9900000|  0%| F|  |TAMS 0x00000000e9800000, 0x00000000e9800000| Untracked 
| 153|0x00000000e9900000, 0x00000000e9900000, 0x00000000e9a00000|  0%| F|  |TAMS 0x00000000e9900000, 0x00000000e9900000| Untracked 
| 154|0x00000000e9a00000, 0x00000000e9a00000, 0x00000000e9b00000|  0%| F|  |TAMS 0x00000000e9a00000, 0x00000000e9a00000| Untracked 
| 155|0x00000000e9b00000, 0x00000000e9b00000, 0x00000000e9c00000|  0%| F|  |TAMS 0x00000000e9b00000, 0x00000000e9b00000| Untracked 
| 156|0x00000000e9c00000, 0x00000000e9c00000, 0x00000000e9d00000|  0%| F|  |TAMS 0x00000000e9c00000, 0x00000000e9c00000| Untracked 
| 157|0x00000000e9d00000, 0x00000000e9d00000, 0x00000000e9e00000|  0%| F|  |TAMS 0x00000000e9d00000, 0x00000000e9d00000| Untracked 
| 158|0x00000000e9e00000, 0x00000000e9e00000, 0x00000000e9f00000|  0%| F|  |TAMS 0x00000000e9e00000, 0x00000000e9e00000| Untracked 
| 159|0x00000000e9f00000, 0x00000000e9f00000, 0x00000000ea000000|  0%| F|  |TAMS 0x00000000e9f00000, 0x00000000e9f00000| Untracked 
| 160|0x00000000ea000000, 0x00000000ea000000, 0x00000000ea100000|  0%| F|  |TAMS 0x00000000ea000000, 0x00000000ea000000| Untracked 
| 161|0x00000000ea100000, 0x00000000ea100000, 0x00000000ea200000|  0%| F|  |TAMS 0x00000000ea100000, 0x00000000ea100000| Untracked 
| 162|0x00000000ea200000, 0x00000000ea200000, 0x00000000ea300000|  0%| F|  |TAMS 0x00000000ea200000, 0x00000000ea200000| Untracked 
| 163|0x00000000ea300000, 0x00000000ea300000, 0x00000000ea400000|  0%| F|  |TAMS 0x00000000ea300000, 0x00000000ea300000| Untracked 
| 164|0x00000000ea400000, 0x00000000ea400000, 0x00000000ea500000|  0%| F|  |TAMS 0x00000000ea400000, 0x00000000ea400000| Untracked 
| 165|0x00000000ea500000, 0x00000000ea500000, 0x00000000ea600000|  0%| F|  |TAMS 0x00000000ea500000, 0x00000000ea500000| Untracked 
| 166|0x00000000ea600000, 0x00000000ea600000, 0x00000000ea700000|  0%| F|  |TAMS 0x00000000ea600000, 0x00000000ea600000| Untracked 
| 167|0x00000000ea700000, 0x00000000ea700000, 0x00000000ea800000|  0%| F|  |TAMS 0x00000000ea700000, 0x00000000ea700000| Untracked 
| 168|0x00000000ea800000, 0x00000000ea800000, 0x00000000ea900000|  0%| F|  |TAMS 0x00000000ea800000, 0x00000000ea800000| Untracked 
| 169|0x00000000ea900000, 0x00000000ea900000, 0x00000000eaa00000|  0%| F|  |TAMS 0x00000000ea900000, 0x00000000ea900000| Untracked 
| 170|0x00000000eaa00000, 0x00000000eaa00000, 0x00000000eab00000|  0%| F|  |TAMS 0x00000000eaa00000, 0x00000000eaa00000| Untracked 
| 171|0x00000000eab00000, 0x00000000eab00000, 0x00000000eac00000|  0%| F|  |TAMS 0x00000000eab00000, 0x00000000eab00000| Untracked 
| 172|0x00000000eac00000, 0x00000000eac00000, 0x00000000ead00000|  0%| F|  |TAMS 0x00000000eac00000, 0x00000000eac00000| Untracked 
| 173|0x00000000ead00000, 0x00000000ead00000, 0x00000000eae00000|  0%| F|  |TAMS 0x00000000ead00000, 0x00000000ead00000| Untracked 
| 174|0x00000000eae00000, 0x00000000eae00000, 0x00000000eaf00000|  0%| F|  |TAMS 0x00000000eae00000, 0x00000000eae00000| Untracked 
| 175|0x00000000eaf00000, 0x00000000eaf00000, 0x00000000eb000000|  0%| F|  |TAMS 0x00000000eaf00000, 0x00000000eaf00000| Untracked 
| 176|0x00000000eb000000, 0x00000000eb000000, 0x00000000eb100000|  0%| F|  |TAMS 0x00000000eb000000, 0x00000000eb000000| Untracked 
| 177|0x00000000eb100000, 0x00000000eb100000, 0x00000000eb200000|  0%| F|  |TAMS 0x00000000eb100000, 0x00000000eb100000| Untracked 
| 178|0x00000000eb200000, 0x00000000eb200000, 0x00000000eb300000|  0%| F|  |TAMS 0x00000000eb200000, 0x00000000eb200000| Untracked 
| 179|0x00000000eb300000, 0x00000000eb300000, 0x00000000eb400000|  0%| F|  |TAMS 0x00000000eb300000, 0x00000000eb300000| Untracked 
| 180|0x00000000eb400000, 0x00000000eb400000, 0x00000000eb500000|  0%| F|  |TAMS 0x00000000eb400000, 0x00000000eb400000| Untracked 
| 181|0x00000000eb500000, 0x00000000eb500000, 0x00000000eb600000|  0%| F|  |TAMS 0x00000000eb500000, 0x00000000eb500000| Untracked 
| 182|0x00000000eb600000, 0x00000000eb600000, 0x00000000eb700000|  0%| F|  |TAMS 0x00000000eb600000, 0x00000000eb600000| Untracked 
| 183|0x00000000eb700000, 0x00000000eb700000, 0x00000000eb800000|  0%| F|  |TAMS 0x00000000eb700000, 0x00000000eb700000| Untracked 
| 184|0x00000000eb800000, 0x00000000eb800000, 0x00000000eb900000|  0%| F|  |TAMS 0x00000000eb800000, 0x00000000eb800000| Untracked 
| 185|0x00000000eb900000, 0x00000000eb900000, 0x00000000eba00000|  0%| F|  |TAMS 0x00000000eb900000, 0x00000000eb900000| Untracked 
| 186|0x00000000eba00000, 0x00000000eba00000, 0x00000000ebb00000|  0%| F|  |TAMS 0x00000000eba00000, 0x00000000eba00000| Untracked 
| 187|0x00000000ebb00000, 0x00000000ebb00000, 0x00000000ebc00000|  0%| F|  |TAMS 0x00000000ebb00000, 0x00000000ebb00000| Untracked 
| 188|0x00000000ebc00000, 0x00000000ebc00000, 0x00000000ebd00000|  0%| F|  |TAMS 0x00000000ebc00000, 0x00000000ebc00000| Untracked 
| 189|0x00000000ebd00000, 0x00000000ebd00000, 0x00000000ebe00000|  0%| F|  |TAMS 0x00000000ebd00000, 0x00000000ebd00000| Untracked 
| 190|0x00000000ebe00000, 0x00000000ebe00000, 0x00000000ebf00000|  0%| F|  |TAMS 0x00000000ebe00000, 0x00000000ebe00000| Untracked 
| 191|0x00000000ebf00000, 0x00000000ebf00000, 0x00000000ec000000|  0%| F|  |TAMS 0x00000000ebf00000, 0x00000000ebf00000| Untracked 
| 192|0x00000000ec000000, 0x00000000ec000000, 0x00000000ec100000|  0%| F|  |TAMS 0x00000000ec000000, 0x00000000ec000000| Untracked 
| 193|0x00000000ec100000, 0x00000000ec100000, 0x00000000ec200000|  0%| F|  |TAMS 0x00000000ec100000, 0x00000000ec100000| Untracked 
| 194|0x00000000ec200000, 0x00000000ec200000, 0x00000000ec300000|  0%| F|  |TAMS 0x00000000ec200000, 0x00000000ec200000| Untracked 
| 195|0x00000000ec300000, 0x00000000ec300000, 0x00000000ec400000|  0%| F|  |TAMS 0x00000000ec300000, 0x00000000ec300000| Untracked 
| 196|0x00000000ec400000, 0x00000000ec400000, 0x00000000ec500000|  0%| F|  |TAMS 0x00000000ec400000, 0x00000000ec400000| Untracked 
| 197|0x00000000ec500000, 0x00000000ec500000, 0x00000000ec600000|  0%| F|  |TAMS 0x00000000ec500000, 0x00000000ec500000| Untracked 
| 198|0x00000000ec600000, 0x00000000ec600000, 0x00000000ec700000|  0%| F|  |TAMS 0x00000000ec600000, 0x00000000ec600000| Untracked 
| 199|0x00000000ec700000, 0x00000000ec800000, 0x00000000ec800000|100%| E|  |TAMS 0x00000000ec700000, 0x00000000ec700000| Complete 
| 200|0x00000000ec800000, 0x00000000ec900000, 0x00000000ec900000|100%| E|CS|TAMS 0x00000000ec800000, 0x00000000ec800000| Complete 
| 201|0x00000000ec900000, 0x00000000eca00000, 0x00000000eca00000|100%| E|CS|TAMS 0x00000000ec900000, 0x00000000ec900000| Complete 
| 202|0x00000000eca00000, 0x00000000ecb00000, 0x00000000ecb00000|100%| E|CS|TAMS 0x00000000eca00000, 0x00000000eca00000| Complete 
| 203|0x00000000ecb00000, 0x00000000ecc00000, 0x00000000ecc00000|100%| E|CS|TAMS 0x00000000ecb00000, 0x00000000ecb00000| Complete 
| 204|0x00000000ecc00000, 0x00000000ecd00000, 0x00000000ecd00000|100%| E|CS|TAMS 0x00000000ecc00000, 0x00000000ecc00000| Complete 
| 205|0x00000000ecd00000, 0x00000000ece00000, 0x00000000ece00000|100%| E|CS|TAMS 0x00000000ecd00000, 0x00000000ecd00000| Complete 
| 206|0x00000000ece00000, 0x00000000ecf00000, 0x00000000ecf00000|100%| E|CS|TAMS 0x00000000ece00000, 0x00000000ece00000| Complete 
| 207|0x00000000ecf00000, 0x00000000ed000000, 0x00000000ed000000|100%| E|CS|TAMS 0x00000000ecf00000, 0x00000000ecf00000| Complete 
| 208|0x00000000ed000000, 0x00000000ed100000, 0x00000000ed100000|100%| E|CS|TAMS 0x00000000ed000000, 0x00000000ed000000| Complete 
| 209|0x00000000ed100000, 0x00000000ed200000, 0x00000000ed200000|100%| E|CS|TAMS 0x00000000ed100000, 0x00000000ed100000| Complete 
| 210|0x00000000ed200000, 0x00000000ed300000, 0x00000000ed300000|100%| E|CS|TAMS 0x00000000ed200000, 0x00000000ed200000| Complete 
| 211|0x00000000ed300000, 0x00000000ed400000, 0x00000000ed400000|100%| E|CS|TAMS 0x00000000ed300000, 0x00000000ed300000| Complete 
| 212|0x00000000ed400000, 0x00000000ed500000, 0x00000000ed500000|100%| E|CS|TAMS 0x00000000ed400000, 0x00000000ed400000| Complete 
| 213|0x00000000ed500000, 0x00000000ed600000, 0x00000000ed600000|100%| E|CS|TAMS 0x00000000ed500000, 0x00000000ed500000| Complete 
| 214|0x00000000ed600000, 0x00000000ed700000, 0x00000000ed700000|100%| E|CS|TAMS 0x00000000ed600000, 0x00000000ed600000| Complete 
| 215|0x00000000ed700000, 0x00000000ed800000, 0x00000000ed800000|100%| E|CS|TAMS 0x00000000ed700000, 0x00000000ed700000| Complete 
| 216|0x00000000ed800000, 0x00000000ed900000, 0x00000000ed900000|100%| E|CS|TAMS 0x00000000ed800000, 0x00000000ed800000| Complete 
| 217|0x00000000ed900000, 0x00000000eda00000, 0x00000000eda00000|100%| E|CS|TAMS 0x00000000ed900000, 0x00000000ed900000| Complete 
| 218|0x00000000eda00000, 0x00000000edb00000, 0x00000000edb00000|100%| E|CS|TAMS 0x00000000eda00000, 0x00000000eda00000| Complete 
| 219|0x00000000edb00000, 0x00000000edc00000, 0x00000000edc00000|100%| E|CS|TAMS 0x00000000edb00000, 0x00000000edb00000| Complete 
| 220|0x00000000edc00000, 0x00000000edd00000, 0x00000000edd00000|100%| E|CS|TAMS 0x00000000edc00000, 0x00000000edc00000| Complete 
| 221|0x00000000edd00000, 0x00000000ede00000, 0x00000000ede00000|100%| E|CS|TAMS 0x00000000edd00000, 0x00000000edd00000| Complete 
| 222|0x00000000ede00000, 0x00000000edf00000, 0x00000000edf00000|100%| E|CS|TAMS 0x00000000ede00000, 0x00000000ede00000| Complete 
| 223|0x00000000edf00000, 0x00000000ee000000, 0x00000000ee000000|100%| E|CS|TAMS 0x00000000edf00000, 0x00000000edf00000| Complete 
| 224|0x00000000ee000000, 0x00000000ee100000, 0x00000000ee100000|100%| E|CS|TAMS 0x00000000ee000000, 0x00000000ee000000| Complete 
| 225|0x00000000ee100000, 0x00000000ee200000, 0x00000000ee200000|100%| E|CS|TAMS 0x00000000ee100000, 0x00000000ee100000| Complete 
| 226|0x00000000ee200000, 0x00000000ee300000, 0x00000000ee300000|100%| E|CS|TAMS 0x00000000ee200000, 0x00000000ee200000| Complete 
| 227|0x00000000ee300000, 0x00000000ee400000, 0x00000000ee400000|100%| S|CS|TAMS 0x00000000ee300000, 0x00000000ee300000| Complete 
| 228|0x00000000ee400000, 0x00000000ee500000, 0x00000000ee500000|100%| S|CS|TAMS 0x00000000ee400000, 0x00000000ee400000| Complete 
| 229|0x00000000ee500000, 0x00000000ee600000, 0x00000000ee600000|100%| S|CS|TAMS 0x00000000ee500000, 0x00000000ee500000| Complete 
| 230|0x00000000ee600000, 0x00000000ee700000, 0x00000000ee700000|100%| S|CS|TAMS 0x00000000ee600000, 0x00000000ee600000| Complete 
| 231|0x00000000ee700000, 0x00000000ee800000, 0x00000000ee800000|100%| E|CS|TAMS 0x00000000ee700000, 0x00000000ee700000| Complete 
| 232|0x00000000ee800000, 0x00000000ee900000, 0x00000000ee900000|100%| E|CS|TAMS 0x00000000ee800000, 0x00000000ee800000| Complete 
| 233|0x00000000ee900000, 0x00000000eea00000, 0x00000000eea00000|100%| E|CS|TAMS 0x00000000ee900000, 0x00000000ee900000| Complete 
| 234|0x00000000eea00000, 0x00000000eeb00000, 0x00000000eeb00000|100%| E|CS|TAMS 0x00000000eea00000, 0x00000000eea00000| Complete 
| 235|0x00000000eeb00000, 0x00000000eec00000, 0x00000000eec00000|100%| E|CS|TAMS 0x00000000eeb00000, 0x00000000eeb00000| Complete 
| 236|0x00000000eec00000, 0x00000000eed00000, 0x00000000eed00000|100%| E|CS|TAMS 0x00000000eec00000, 0x00000000eec00000| Complete 
| 237|0x00000000eed00000, 0x00000000eee00000, 0x00000000eee00000|100%| E|CS|TAMS 0x00000000eed00000, 0x00000000eed00000| Complete 
| 238|0x00000000eee00000, 0x00000000eef00000, 0x00000000eef00000|100%| E|CS|TAMS 0x00000000eee00000, 0x00000000eee00000| Complete 
| 239|0x00000000eef00000, 0x00000000ef000000, 0x00000000ef000000|100%| E|CS|TAMS 0x00000000eef00000, 0x00000000eef00000| Complete 
| 240|0x00000000ef000000, 0x00000000ef100000, 0x00000000ef100000|100%| E|CS|TAMS 0x00000000ef000000, 0x00000000ef000000| Complete 
| 241|0x00000000ef100000, 0x00000000ef200000, 0x00000000ef200000|100%| E|CS|TAMS 0x00000000ef100000, 0x00000000ef100000| Complete 
| 242|0x00000000ef200000, 0x00000000ef300000, 0x00000000ef300000|100%| E|CS|TAMS 0x00000000ef200000, 0x00000000ef200000| Complete 
| 243|0x00000000ef300000, 0x00000000ef400000, 0x00000000ef400000|100%| E|CS|TAMS 0x00000000ef300000, 0x00000000ef300000| Complete 
| 244|0x00000000ef400000, 0x00000000ef500000, 0x00000000ef500000|100%| E|CS|TAMS 0x00000000ef400000, 0x00000000ef400000| Complete 
| 245|0x00000000ef500000, 0x00000000ef600000, 0x00000000ef600000|100%| E|CS|TAMS 0x00000000ef500000, 0x00000000ef500000| Complete 
| 246|0x00000000ef600000, 0x00000000ef700000, 0x00000000ef700000|100%| E|CS|TAMS 0x00000000ef600000, 0x00000000ef600000| Complete 
| 247|0x00000000ef700000, 0x00000000ef800000, 0x00000000ef800000|100%| E|CS|TAMS 0x00000000ef700000, 0x00000000ef700000| Complete 
| 248|0x00000000ef800000, 0x00000000ef900000, 0x00000000ef900000|100%| E|CS|TAMS 0x00000000ef800000, 0x00000000ef800000| Complete 
| 249|0x00000000ef900000, 0x00000000efa00000, 0x00000000efa00000|100%| E|CS|TAMS 0x00000000ef900000, 0x00000000ef900000| Complete 
| 250|0x00000000efa00000, 0x00000000efb00000, 0x00000000efb00000|100%| E|CS|TAMS 0x00000000efa00000, 0x00000000efa00000| Complete 
| 251|0x00000000efb00000, 0x00000000efc00000, 0x00000000efc00000|100%| E|CS|TAMS 0x00000000efb00000, 0x00000000efb00000| Complete 
| 252|0x00000000efc00000, 0x00000000efd00000, 0x00000000efd00000|100%| E|CS|TAMS 0x00000000efc00000, 0x00000000efc00000| Complete 
| 253|0x00000000efd00000, 0x00000000efe00000, 0x00000000efe00000|100%| E|CS|TAMS 0x00000000efd00000, 0x00000000efd00000| Complete 
| 254|0x00000000efe00000, 0x00000000eff00000, 0x00000000eff00000|100%| E|CS|TAMS 0x00000000efe00000, 0x00000000efe00000| Complete 
| 255|0x00000000eff00000, 0x00000000f0000000, 0x00000000f0000000|100%| E|CS|TAMS 0x00000000eff00000, 0x00000000eff00000| Complete 

Card table byte_map: [0x000002125b480000,0x000002125b580000] _byte_map_base: 0x000002125ad80000

Marking Bits (Prev, Next): (CMBitMap*) 0x00000212425ed4d0, (CMBitMap*) 0x00000212425ed510
 Prev Bits: [0x000002125b680000, 0x000002125be80000)
 Next Bits: [0x000002125be80000, 0x000002125c680000)

Polling page: 0x00000212423b0000

Metaspace:

Usage:
  Non-class:     14.55 MB capacity,    14.25 MB ( 98%) used,   283.44 KB (  2%) free+waste,    22.00 KB ( <1%) overhead. 
      Class:      2.44 MB capacity,     2.28 MB ( 94%) used,   147.88 KB (  6%) free+waste,    10.44 KB ( <1%) overhead. 
       Both:     16.99 MB capacity,    16.54 MB ( 97%) used,   431.31 KB (  2%) free+waste,    32.44 KB ( <1%) overhead. 

Virtual space:
  Non-class space:       16.00 MB reserved,      14.75 MB ( 92%) committed 
      Class space:      248.00 MB reserved,       2.50 MB (  1%) committed 
             Both:      264.00 MB reserved,      17.25 MB (  7%) committed 

Chunk freelists:
   Non-Class:  10.00 KB
       Class:  1.00 KB
        Both:  11.00 KB

MaxMetaspaceSize: 256.00 MB
CompressedClassSpaceSize: 248.00 MB

CodeHeap 'non-profiled nmethods': size=120064Kb used=1011Kb max_used=1011Kb free=119053Kb
 bounds [0x0000021253a40000, 0x0000021253cb0000, 0x000002125af80000]
CodeHeap 'profiled nmethods': size=120000Kb used=4379Kb max_used=4379Kb free=115620Kb
 bounds [0x000002124c510000, 0x000002124c960000, 0x0000021253a40000]
CodeHeap 'non-nmethods': size=5696Kb used=1217Kb max_used=1247Kb free=4478Kb
 bounds [0x000002124bf80000, 0x000002124c1f0000, 0x000002124c510000]
 total_blobs=2668 nmethods=2182 adapters=399
 compilation: enabled
              stopped_count=0, restarted_count=0
 full_count=0

Compilation events (20 events):
Event: 56.190 Thread 0x000002125ea59930 nmethod 2171 0x0000021253b3c910 code [0x0000021253b3ca80, 0x0000021253b3caf8]
Event: 57.560 Thread 0x000002125ea5c4e0 2172       3       java.util.concurrent.locks.ReentrantLock$Sync::<init> (5 bytes)
Event: 57.560 Thread 0x000002125ea5c4e0 nmethod 2172 0x000002124c950290 code [0x000002124c950440, 0x000002124c950658]
Event: 57.560 Thread 0x000002125ea5c4e0 2173       3       java.security.AccessController::doPrivileged (9 bytes)
Event: 57.561 Thread 0x000002125ea5c4e0 nmethod 2173 0x000002124c950790 code [0x000002124c950960, 0x000002124c950c98]
Event: 57.562 Thread 0x000002125ea5c4e0 2174       3       java.util.LinkedHashMap::values (25 bytes)
Event: 57.563 Thread 0x000002125ea5c4e0 nmethod 2174 0x000002124c950e10 code [0x000002124c950fc0, 0x000002124c951338]
Event: 57.563 Thread 0x000002125ea5c4e0 2175       3       java.util.LinkedHashMap$LinkedValues::iterator (12 bytes)
Event: 57.563 Thread 0x000002125ea5c4e0 nmethod 2175 0x000002124c951490 code [0x000002124c951640, 0x000002124c9519f8]
Event: 57.567 Thread 0x000002125ea5c4e0 2176       3       java.util.concurrent.locks.ReentrantLock$NonfairSync::<init> (5 bytes)
Event: 57.567 Thread 0x000002125ea5c4e0 nmethod 2176 0x000002124c951b10 code [0x000002124c951cc0, 0x000002124c951f38]
Event: 57.570 Thread 0x000002125ea59930 2177       4       jdk.internal.org.objectweb.asm.Frame::execute (2305 bytes)
Event: 57.573 Thread 0x000002125ea5c4e0 2178       3       jdk.internal.org.objectweb.asm.Frame::getConcreteOutputType (111 bytes)
Event: 57.574 Thread 0x000002125ea5c4e0 nmethod 2178 0x000002124c952090 code [0x000002124c952240, 0x000002124c9525d8]
Event: 57.574 Thread 0x000002125ea5c4e0 2179       3       java.lang.reflect.ProxyGenerator$ProxyMethod::emitIconstInsn (75 bytes)
Event: 57.574 Thread 0x000002125ea5c4e0 nmethod 2179 0x000002124c952710 code [0x000002124c952940, 0x000002124c9531f8]
Event: 57.575 Thread 0x000002125ea5c4e0 2180   !   3       org.gradle.internal.event.DefaultListenerManager$EventBroadcast::maybeAdd (99 bytes)
Event: 57.576 Thread 0x000002125ea5c4e0 nmethod 2180 0x000002124c953490 code [0x000002124c953720, 0x000002124c9543b8]
Event: 57.984 Thread 0x000002125ea5c4e0 2181       3       java.net.URLConnection::<init> (62 bytes)
Event: 57.985 Thread 0x000002125ea5c4e0 nmethod 2181 0x000002124c954910 code [0x000002124c954b20, 0x000002124c9551e8]

GC Heap History (8 events):
Event: 3.433 GC heap before
{Heap before GC invocations=0 (full 0):
 garbage-first heap   total 262144K, used 17408K [0x00000000e0000000, 0x0000000100000000)
  region size 1024K, 12 young (12288K), 0 survivors (0K)
 Metaspace       used 1608K, capacity 5145K, committed 5376K, reserved 262144K
  class space    used 154K, capacity 499K, committed 512K, reserved 253952K
}
Event: 3.441 GC heap after
{Heap after GC invocations=1 (full 0):
 garbage-first heap   total 262144K, used 7703K [0x00000000e0000000, 0x0000000100000000)
  region size 1024K, 2 young (2048K), 2 survivors (2048K)
 Metaspace       used 1608K, capacity 5145K, committed 5376K, reserved 262144K
  class space    used 154K, capacity 499K, committed 512K, reserved 253952K
}
Event: 7.056 GC heap before
{Heap before GC invocations=1 (full 0):
 garbage-first heap   total 262144K, used 17943K [0x00000000e0000000, 0x0000000100000000)
  region size 1024K, 12 young (12288K), 2 survivors (2048K)
 Metaspace       used 3911K, capacity 6545K, committed 6656K, reserved 262144K
  class space    used 487K, capacity 731K, committed 768K, reserved 253952K
}
Event: 7.063 GC heap after
{Heap after GC invocations=2 (full 0):
 garbage-first heap   total 262144K, used 8691K [0x00000000e0000000, 0x0000000100000000)
  region size 1024K, 1 young (1024K), 1 survivors (1024K)
 Metaspace       used 3911K, capacity 6545K, committed 6656K, reserved 262144K
  class space    used 487K, capacity 731K, committed 768K, reserved 253952K
}
Event: 13.546 GC heap before
{Heap before GC invocations=2 (full 0):
 garbage-first heap   total 262144K, used 20979K [0x00000000e0000000, 0x0000000100000000)
  region size 1024K, 13 young (13312K), 1 survivors (1024K)
 Metaspace       used 3986K, capacity 6545K, committed 6656K, reserved 262144K
  class space    used 487K, capacity 731K, committed 768K, reserved 253952K
}
Event: 13.551 GC heap after
{Heap after GC invocations=3 (full 0):
 garbage-first heap   total 262144K, used 8859K [0x00000000e0000000, 0x0000000100000000)
  region size 1024K, 2 young (2048K), 2 survivors (2048K)
 Metaspace       used 3986K, capacity 6545K, committed 6656K, reserved 262144K
  class space    used 487K, capacity 731K, committed 768K, reserved 253952K
}
Event: 38.161 GC heap before
{Heap before GC invocations=3 (full 0):
 garbage-first heap   total 262144K, used 31387K [0x00000000e0000000, 0x0000000100000000)
  region size 1024K, 25 young (25600K), 2 survivors (2048K)
 Metaspace       used 5501K, capacity 7521K, committed 7680K, reserved 262144K
  class space    used 732K, capacity 907K, committed 1024K, reserved 253952K
}
Event: 38.176 GC heap after
{Heap after GC invocations=4 (full 0):
 garbage-first heap   total 262144K, used 13807K [0x00000000e0000000, 0x0000000100000000)
  region size 1024K, 4 young (4096K), 4 survivors (4096K)
 Metaspace       used 5501K, capacity 7521K, committed 7680K, reserved 262144K
  class space    used 732K, capacity 907K, committed 1024K, reserved 253952K
}

Deoptimization events (20 events):
Event: 53.130 Thread 0x00000212604a14d0 Uncommon trap: trap_request=0xffffff45 fr.pc=0x0000021253b0cae0 relative=0x0000000000000240
Event: 53.130 Thread 0x00000212604a14d0 Uncommon trap: reason=unstable_if action=reinterpret pc=0x0000021253b0cae0 method=java.util.concurrent.ConcurrentHashMap.get(Ljava/lang/Object;)Ljava/lang/Object; @ 76 c2
Event: 53.130 Thread 0x00000212604a14d0 DEOPT PACKING pc=0x0000021253b0cae0 sp=0x00000060978fa5a0
Event: 53.130 Thread 0x00000212604a14d0 DEOPT UNPACKING pc=0x000002124bfce129 sp=0x00000060978fa508 mode 2
Event: 54.500 Thread 0x00000212604a14d0 Uncommon trap: trap_request=0xffffff45 fr.pc=0x0000021253b1008c relative=0x00000000000002cc
Event: 54.500 Thread 0x00000212604a14d0 Uncommon trap: reason=unstable_if action=reinterpret pc=0x0000021253b1008c method=java.util.HashMap.getNode(Ljava/lang/Object;)Ljava/util/HashMap$Node; @ 66 c2
Event: 54.500 Thread 0x00000212604a14d0 DEOPT PACKING pc=0x0000021253b1008c sp=0x00000060978fd270
Event: 54.501 Thread 0x00000212604a14d0 DEOPT UNPACKING pc=0x000002124bfce129 sp=0x00000060978fd190 mode 2
Event: 54.501 Thread 0x00000212604a14d0 Uncommon trap: trap_request=0xffffffc6 fr.pc=0x0000021253afada4 relative=0x00000000000021a4
Event: 54.501 Thread 0x00000212604a14d0 Uncommon trap: reason=bimorphic_or_optimized_type_check action=maybe_recompile pc=0x0000021253afada4 method=java.util.HashMap.putVal(ILjava/lang/Object;Ljava/lang/Object;ZZ)Ljava/lang/Object; @ 91 c2
Event: 54.501 Thread 0x00000212604a14d0 DEOPT PACKING pc=0x0000021253afada4 sp=0x00000060978fd1d0
Event: 54.501 Thread 0x00000212604a14d0 DEOPT UNPACKING pc=0x000002124bfce129 sp=0x00000060978fd180 mode 2
Event: 54.501 Thread 0x00000212604a14d0 Uncommon trap: trap_request=0xffffff45 fr.pc=0x0000021253adbed0 relative=0x0000000000000110
Event: 54.501 Thread 0x00000212604a14d0 Uncommon trap: reason=unstable_if action=reinterpret pc=0x0000021253adbed0 method=java.util.HashMap.getNode(Ljava/lang/Object;)Ljava/util/HashMap$Node; @ 66 c2
Event: 54.501 Thread 0x00000212604a14d0 DEOPT PACKING pc=0x0000021253adbed0 sp=0x00000060978fd210
Event: 54.501 Thread 0x00000212604a14d0 DEOPT UNPACKING pc=0x000002124bfce129 sp=0x00000060978fd190 mode 2
Event: 54.501 Thread 0x00000212604a14d0 Uncommon trap: trap_request=0xffffffc6 fr.pc=0x0000021253afada4 relative=0x00000000000021a4
Event: 54.501 Thread 0x00000212604a14d0 Uncommon trap: reason=bimorphic_or_optimized_type_check action=maybe_recompile pc=0x0000021253afada4 method=java.util.HashMap.putVal(ILjava/lang/Object;Ljava/lang/Object;ZZ)Ljava/lang/Object; @ 91 c2
Event: 54.501 Thread 0x00000212604a14d0 DEOPT PACKING pc=0x0000021253afada4 sp=0x00000060978fd1d0
Event: 54.501 Thread 0x00000212604a14d0 DEOPT UNPACKING pc=0x000002124bfce129 sp=0x00000060978fd180 mode 2

Classes unloaded (0 events):
No events

Classes redefined (0 events):
No events

Internal exceptions (20 events):
Event: 41.401 Thread 0x00000212425c5ef0 Exception <a 'java/lang/NoSuchMethodError'{0x00000000ef814da0}: 'void java.lang.invoke.DirectMethodHandle$Holder.invokeStatic(java.lang.Object, java.lang.Object, java.lang.Object)'> (0x00000000ef814da0) 
thrown [./open/src/hotspot/share/interpreter/linkResolver.cpp, line 782]
Event: 41.546 Thread 0x00000212425c5ef0 Exception <a 'java/io/IOException'{0x00000000ef8a04c0}> (0x00000000ef8a04c0) 
thrown [./open/src/hotspot/share/prims/jni.cpp, line 578]
Event: 43.841 Thread 0x00000212604a14d0 Exception <a 'java/lang/NoSuchMethodError'{0x00000000ef3716e0}: 'void java.lang.invoke.DirectMethodHandle$Holder.invokeVirtual(java.lang.Object, java.lang.Object, java.lang.Object, java.lang.Object)'> (0x00000000ef3716e0) 
thrown [./open/src/hotspot/share/interpreter/linkResolver.cpp, line 782]
Event: 43.843 Thread 0x00000212604a14d0 Exception <a 'java/lang/NoSuchMethodError'{0x00000000ef37b2f8}: 'void java.lang.invoke.DirectMethodHandle$Holder.invokeSpecial(java.lang.Object, java.lang.Object, java.lang.Object, java.lang.Object, java.lang.Object)'> (0x00000000ef37b2f8) 
thrown [./open/src/hotspot/share/interpreter/linkResolver.cpp, line 782]
Event: 43.846 Thread 0x00000212604a14d0 Exception <a 'java/lang/NoSuchMethodError'{0x00000000ef202a18}: 'java.lang.Object java.lang.invoke.Invokers$Holder.invoker(java.lang.Object, java.lang.Object, java.lang.Object, java.lang.Object)'> (0x00000000ef202a18) 
thrown [./open/src/hotspot/share/interpreter/linkResolver.cpp, line 782]
Event: 43.955 Thread 0x00000212604a14d0 Exception <a 'java/lang/NoSuchMethodError'{0x00000000ef235bd0}: 'long java.lang.invoke.DirectMethodHandle$Holder.invokeInterface(java.lang.Object, java.lang.Object)'> (0x00000000ef235bd0) 
thrown [./open/src/hotspot/share/interpreter/linkResolver.cpp, line 782]
Event: 43.961 Thread 0x00000212604a14d0 Exception <a 'java/lang/NoSuchMethodError'{0x00000000ef250cb0}: 'void java.lang.invoke.DelegatingMethodHandle$Holder.reinvoke_L(java.lang.Object, java.lang.Object, java.lang.Object, java.lang.Object, java.lang.Object, java.lang.Object, java.lang.Object)'> (0x00000000ef250cb0) 
thrown [./open/src/hotspot/share/interpreter/linkResolver.cpp, line 782]
Event: 46.597 Thread 0x00000212604a14d0 Exception <a 'java/lang/NoSuchMethodError'{0x00000000eef687d0}: 'java.lang.Object java.lang.invoke.DirectMethodHandle$Holder.invokeVirtual(java.lang.Object, java.lang.Object, java.lang.Object)'> (0x00000000eef687d0) 
thrown [./open/src/hotspot/share/interpreter/linkResolver.cpp, line 782]
Event: 47.712 Thread 0x00000212604a14d0 Exception <a 'java/lang/NoSuchMethodError'{0x00000000eebcc3d8}: 'void java.lang.invoke.DirectMethodHandle$Holder.invokeStaticInit(java.lang.Object)'> (0x00000000eebcc3d8) 
thrown [./open/src/hotspot/share/interpreter/linkResolver.cpp, line 782]
Event: 49.452 Thread 0x00000212604a14d0 Exception <a 'java/lang/NoSuchMethodError'{0x00000000ede3f270}: 'java.lang.Object java.lang.invoke.DirectMethodHandle$Holder.invokeSpecial(java.lang.Object, java.lang.Object, java.lang.Object, java.lang.Object, java.lang.Object, java.lang.Object, java.lang.Object, java.lang.Object, java.lang.Object, java.lang.Object, java.lang.Object, java.lang.Object, java.lang.Object, java.lang.Object, java.lang.Object)'> (0x00000000ede3f270) 
thrown [./open/src/hotspot/share/interpreter/linkResolver.cpp, line 782]
Event: 50.735 Thread 0x00000212604a14d0 Exception <a 'java/lang/NoSuchMethodError'{0x00000000edb6dce0}: 'java.lang.Object java.lang.invoke.DirectMethodHandle$Holder.invokeVirtual(java.lang.Object, java.lang.Object, java.lang.Object, java.lang.Object)'> (0x00000000edb6dce0) 
thrown [./open/src/hotspot/share/interpreter/linkResolver.cpp, line 782]
Event: 51.770 Thread 0x00000212604a14d0 Exception <a 'java/lang/NoSuchMethodError'{0x00000000ed81e4d0}: 'int java.lang.invoke.DirectMethodHandle$Holder.invokeSpecialIFC(java.lang.Object, java.lang.Object, java.lang.Object, java.lang.Object)'> (0x00000000ed81e4d0) 
thrown [./open/src/hotspot/share/interpreter/linkResolver.cpp, line 782]
Event: 51.778 Thread 0x00000212604a14d0 Exception <a 'java/lang/NoSuchMethodError'{0x00000000ed82e030}: 'java.lang.Object java.lang.invoke.DirectMethodHandle$Holder.invokeInterface(java.lang.Object, java.lang.Object, java.lang.Object)'> (0x00000000ed82e030) 
thrown [./open/src/hotspot/share/interpreter/linkResolver.cpp, line 782]
Event: 51.778 Thread 0x00000212604a14d0 Exception <a 'java/lang/IncompatibleClassChangeError'{0x00000000ed8320c0}: Found class java.lang.Object, but interface was expected> (0x00000000ed8320c0) 
thrown [./open/src/hotspot/share/interpreter/linkResolver.cpp, line 848]
Event: 52.968 Thread 0x00000212604a14d0 Exception <a 'java/lang/NoSuchMethodError'{0x00000000ed3ced30}: 'java.lang.Object java.lang.invoke.DirectMethodHandle$Holder.newInvokeSpecial(java.lang.Object, java.lang.Object, java.lang.Object, java.lang.Object, java.lang.Object)'> (0x00000000ed3ced30) 
thrown [./open/src/hotspot/share/interpreter/linkResolver.cpp, line 782]
Event: 53.289 Thread 0x00000212604a14d0 Exception <a 'java/lang/NoSuchMethodError'{0x00000000ed152740}: 'void java.lang.invoke.DirectMethodHandle$Holder.invokeSpecial(java.lang.Object, java.lang.Object, java.lang.Object, java.lang.Object, java.lang.Object, java.lang.Object)'> (0x00000000ed152740) 
thrown [./open/src/hotspot/share/interpreter/linkResolver.cpp, line 782]
Event: 53.794 Thread 0x00000212604a14d0 Exception <a 'java/lang/NoSuchMethodError'{0x00000000ecff4f30}: 'java.lang.Object java.lang.invoke.DirectMethodHandle$Holder.invokeSpecialIFC(java.lang.Object, java.lang.Object, java.lang.Object, java.lang.Object)'> (0x00000000ecff4f30) 
thrown [./open/src/hotspot/share/interpreter/linkResolver.cpp, line 782]
Event: 54.354 Thread 0x00000212604a14d0 Exception <a 'java/lang/NoSuchMethodError'{0x00000000ecdbf650}: 'java.lang.Object java.lang.invoke.Invokers$Holder.invoker(java.lang.Object, java.lang.Object, java.lang.Object)'> (0x00000000ecdbf650) 
thrown [./open/src/hotspot/share/interpreter/linkResolver.cpp, line 782]
Event: 54.573 Thread 0x00000212604a14d0 Exception <a 'java/lang/NoSuchMethodError'{0x00000000eccbc9f8}: 'void java.lang.invoke.DirectMethodHandle$Holder.invokeSpecial(java.lang.Object, java.lang.Object, java.lang.Object, java.lang.Object, java.lang.Object, java.lang.Object, java.lang.Object)'> (0x00000000eccbc9f8) 
thrown [./open/src/hotspot/share/interpreter/linkResolver.cpp, line 782]
Event: 54.576 Thread 0x00000212604a14d0 Exception <a 'java/lang/NoSuchMethodError'{0x00000000eccc58e8}: 'java.lang.Object java.lang.invoke.DirectMethodHandle$Holder.newInvokeSpecial(java.lang.Object, java.lang.Object, java.lang.Object, java.lang.Object, java.lang.Object, java.lang.Object)'> (0x00000000eccc58e8) 
thrown [./open/src/hotspot/share/interpreter/linkResolver.cpp, line 782]

Events (20 events):
Event: 52.957 loading class java/lang/annotation/Target
Event: 52.957 loading class java/lang/annotation/Target done
Event: 52.967 loading class java/lang/annotation/ElementType
Event: 52.967 loading class java/lang/annotation/ElementType done
Event: 52.974 loading class java/lang/Deprecated
Event: 52.988 loading class java/lang/Deprecated done
Event: 53.053 loading class jdk/internal/HotSpotIntrinsicCandidate
Event: 53.094 loading class jdk/internal/HotSpotIntrinsicCandidate done
Event: 53.245 loading class java/lang/TypeNotPresentException
Event: 53.258 loading class java/lang/TypeNotPresentException done
Event: 53.325 loading class java/util/ConcurrentModificationException
Event: 53.339 loading class java/util/ConcurrentModificationException done
Event: 53.375 Executing VM operation: HandshakeAllThreads
Event: 53.375 Executing VM operation: HandshakeAllThreads done
Event: 53.712 Thread 0x000002125fe871b0 Thread added: 0x000002125fe871b0
Event: 53.960 Thread 0x000002125fe87b50 Thread added: 0x000002125fe87b50
Event: 54.283 loading class java/util/DualPivotQuicksort
Event: 54.340 loading class java/util/DualPivotQuicksort done
Event: 57.581 loading class java/lang/AbstractMethodError
Event: 57.685 loading class java/lang/AbstractMethodError done


Dynamic libraries:
0x00007ff786060000 - 0x00007ff78606f000 	C:\Program Files\Java\jdk-15.0.2\bin\java.exe
0x00007ffe2c6a0000 - 0x00007ffe2c871000 	C:\Windows\SYSTEM32\ntdll.dll
0x00007ffe2bb90000 - 0x00007ffe2bc3b000 	C:\Windows\System32\KERNEL32.DLL
0x00007ffe28e30000 - 0x00007ffe2904d000 	C:\Windows\System32\KERNELBASE.dll
0x00007ffe28d30000 - 0x00007ffe28e25000 	C:\Windows\System32\ucrtbase.dll
0x00007ffe1d5e0000 - 0x00007ffe1d5f8000 	C:\Program Files\Java\jdk-15.0.2\bin\jli.dll
0x00007ffe2bae0000 - 0x00007ffe2bb82000 	C:\Windows\System32\ADVAPI32.dll
0x00007ffe2a240000 - 0x00007ffe2a2de000 	C:\Windows\System32\msvcrt.dll
0x00007ffe29c30000 - 0x00007ffe29c89000 	C:\Windows\System32\sechost.dll
0x00007ffe2c0a0000 - 0x00007ffe2c1c1000 	C:\Windows\System32\RPCRT4.dll
0x00007ffe1c660000 - 0x00007ffe1c679000 	C:\Program Files\Java\jdk-15.0.2\bin\VCRUNTIME140.dll
0x00007ffe2c1e0000 - 0x00007ffe2c345000 	C:\Windows\System32\USER32.dll
0x00007ffe292d0000 - 0x00007ffe292ee000 	C:\Windows\System32\win32u.dll
0x00007ffe2a4f0000 - 0x00007ffe2a524000 	C:\Windows\System32\GDI32.dll
0x00007ffe29360000 - 0x00007ffe294e2000 	C:\Windows\System32\gdi32full.dll
0x00007ffe1c680000 - 0x00007ffe1c8f9000 	C:\Windows\WinSxS\amd64_microsoft.windows.common-controls_6595b64144ccf1df_6.0.14393.0_none_2d0f50fcbdb171b8\COMCTL32.dll
0x00007ffe2bc40000 - 0x00007ffe2bf07000 	C:\Windows\System32\combase.dll
0x00007ffe292f0000 - 0x00007ffe2935a000 	C:\Windows\System32\bcryptPrimitives.dll
0x00007ffe25060000 - 0x00007ffe2506a000 	C:\Windows\SYSTEM32\VERSION.dll
0x00007ffe2a3c0000 - 0x00007ffe2a3ee000 	C:\Windows\System32\IMM32.DLL
0x00007ffe1d540000 - 0x00007ffe1d54c000 	C:\Program Files\Java\jdk-15.0.2\bin\vcruntime140_1.dll
0x00007ffe178b0000 - 0x00007ffe17941000 	C:\Program Files\Java\jdk-15.0.2\bin\msvcp140.dll
0x00007ffe168d0000 - 0x00007ffe1742e000 	C:\Program Files\Java\jdk-15.0.2\bin\server\jvm.dll
0x00007ffe2c1d0000 - 0x00007ffe2c1d8000 	C:\Windows\System32\PSAPI.DLL
0x00007ffe25e50000 - 0x00007ffe25e59000 	C:\Windows\SYSTEM32\WSOCK32.dll
0x00007ffe27060000 - 0x00007ffe27083000 	C:\Windows\SYSTEM32\WINMM.dll
0x00007ffe2a340000 - 0x00007ffe2a3aa000 	C:\Windows\System32\WS2_32.dll
0x0000021242380000 - 0x00000212423ab000 	C:\Windows\SYSTEM32\WINMMBASE.dll
0x00007ffe28ce0000 - 0x00007ffe28d22000 	C:\Windows\System32\cfgmgr32.dll
0x00007ffe28bb0000 - 0x00007ffe28bbf000 	C:\Windows\System32\kernel.appcore.dll
0x00007ffe1c650000 - 0x00007ffe1c65a000 	C:\Program Files\Java\jdk-15.0.2\bin\jimage.dll
0x00007ffe0ead0000 - 0x00007ffe0ec62000 	C:\Windows\SYSTEM32\DBGHELP.DLL
0x00007ffe238f0000 - 0x00007ffe23919000 	C:\Windows\SYSTEM32\dbgcore.DLL
0x00007ffe1c570000 - 0x00007ffe1c595000 	C:\Program Files\Java\jdk-15.0.2\bin\java.dll
0x00007ffe2a5d0000 - 0x00007ffe2bad8000 	C:\Windows\System32\SHELL32.dll
0x00007ffe29550000 - 0x00007ffe29c2a000 	C:\Windows\System32\windows.storage.dll
0x00007ffe28be0000 - 0x00007ffe28c2c000 	C:\Windows\System32\powrprof.dll
0x00007ffe2c040000 - 0x00007ffe2c092000 	C:\Windows\System32\shlwapi.dll
0x00007ffe29220000 - 0x00007ffe292c9000 	C:\Windows\System32\shcore.dll
0x00007ffe28bc0000 - 0x00007ffe28bd4000 	C:\Windows\System32\profapi.dll
0x00007ffe1c630000 - 0x00007ffe1c649000 	C:\Program Files\Java\jdk-15.0.2\bin\net.dll
0x00007ffe1dd00000 - 0x00007ffe1ddcc000 	C:\Windows\SYSTEM32\WINHTTP.dll
0x00007ffe284d0000 - 0x00007ffe2852c000 	C:\Windows\system32\mswsock.dll
0x00007ffe1c4e0000 - 0x00007ffe1c4f2000 	C:\Program Files\Java\jdk-15.0.2\bin\nio.dll
0x00007ffe1c4c0000 - 0x00007ffe1c4d8000 	C:\Program Files\Java\jdk-15.0.2\bin\zip.dll
0x00007ffe1c320000 - 0x00007ffe1c330000 	C:\Program Files\Java\jdk-15.0.2\bin\verify.dll
0x00007ffe1aec0000 - 0x00007ffe1aeea000 	C:\Users\Wilmer\.gradle\native\36\windows-amd64\native-platform.dll
0x00007ffe1c000000 - 0x00007ffe1c009000 	C:\Program Files\Java\jdk-15.0.2\bin\management.dll
0x00007ffe1bfa0000 - 0x00007ffe1bfab000 	C:\Program Files\Java\jdk-15.0.2\bin\management_ext.dll
0x00007ffe28670000 - 0x00007ffe28687000 	C:\Windows\SYSTEM32\CRYPTSP.dll
0x00007ffe280e0000 - 0x00007ffe28113000 	C:\Windows\system32\rsaenh.dll
0x00007ffe28780000 - 0x00007ffe287ab000 	C:\Windows\SYSTEM32\bcrypt.dll
0x00007ffe28350000 - 0x00007ffe2836f000 	C:\Windows\SYSTEM32\USERENV.dll
0x00007ffe28690000 - 0x00007ffe2869b000 	C:\Windows\SYSTEM32\CRYPTBASE.dll
0x00007ffe28260000 - 0x00007ffe28298000 	C:\Windows\SYSTEM32\IPHLPAPI.DLL
0x00007ffe2a3b0000 - 0x00007ffe2a3b8000 	C:\Windows\System32\NSI.dll
0x00007ffe24a20000 - 0x00007ffe24a36000 	C:\Windows\SYSTEM32\dhcpcsvc6.DLL
0x00007ffe24a00000 - 0x00007ffe24a1a000 	C:\Windows\SYSTEM32\dhcpcsvc.DLL

dbghelp: loaded successfully - version: 4.0.5 - missing functions: none
symbol engine: initialized successfully - sym options: 0x614 - pdb path: .;C:\Program Files\Java\jdk-15.0.2\bin;C:\Windows\SYSTEM32;C:\Windows\WinSxS\amd64_microsoft.windows.common-controls_6595b64144ccf1df_6.0.14393.0_none_2d0f50fcbdb171b8;C:\Program Files\Java\jdk-15.0.2\bin\server;C:\Users\Wilmer\.gradle\native\36\windows-amd64

VM Arguments:
jvm_args: --add-opens=java.base/java.util=ALL-UNNAMED --add-opens=java.base/java.lang=ALL-UNNAMED --add-opens=java.base/java.lang.invoke=ALL-UNNAMED --add-opens=java.prefs/java.util.prefs=ALL-UNNAMED -XX:MaxMetaspaceSize=256m -XX:+HeapDumpOnOutOfMemoryError -Xms256m -Xmx512m -Dfile.encoding=windows-1252 -Duser.country=PE -Duser.language=es -Duser.variant 
java_command: org.gradle.launcher.daemon.bootstrap.GradleDaemon 6.2
java_class_path (initial): C:\Users\Wilmer\.gradle\wrapper\dists\gradle-6.2-all\dvufqs6kielxeao781pmk5huj\gradle-6.2\lib\gradle-launcher-6.2.jar
Launcher Type: SUN_STANDARD

[Global flags]
     intx CICompilerCount                          = 2                                         {product} {ergonomic}
   size_t CompressedClassSpaceSize                 = 260046848                                 {product} {ergonomic}
     uint ConcGCThreads                            = 1                                         {product} {ergonomic}
     uint G1ConcRefinementThreads                  = 2                                         {product} {ergonomic}
   size_t G1HeapRegionSize                         = 1048576                                   {product} {ergonomic}
    uintx GCDrainStackTargetSize                   = 64                                        {product} {ergonomic}
     bool HeapDumpOnOutOfMemoryError               = true                                   {manageable} {command line}
   size_t InitialHeapSize                          = 268435456                                 {product} {command line}
   size_t MarkStackSize                            = 4194304                                   {product} {ergonomic}
   size_t MaxHeapSize                              = 536870912                                 {product} {command line}
   size_t MaxMetaspaceSize                         = 268435456                                 {product} {command line}
   size_t MaxNewSize                               = 321912832                                 {product} {ergonomic}
   size_t MinHeapDeltaBytes                        = 1048576                                   {product} {ergonomic}
   size_t MinHeapSize                              = 268435456                                 {product} {command line}
    uintx NonNMethodCodeHeapSize                   = 5826188                                {pd product} {ergonomic}
    uintx NonProfiledCodeHeapSize                  = 122916026                              {pd product} {ergonomic}
    uintx ProfiledCodeHeapSize                     = 122916026                              {pd product} {ergonomic}
    uintx ReservedCodeCacheSize                    = 251658240                              {pd product} {ergonomic}
     bool SegmentedCodeCache                       = true                                      {product} {ergonomic}
   size_t SoftMaxHeapSize                          = 536870912                              {manageable} {ergonomic}
     bool UseCompressedClassPointers               = true                                 {lp64_product} {ergonomic}
     bool UseCompressedOops                        = true                                 {lp64_product} {ergonomic}
     bool UseG1GC                                  = true                                      {product} {ergonomic}
     bool UseLargePagesIndividualAllocation        = false                                  {pd product} {ergonomic}

Logging:
Log output configuration:
 #0: stdout all=warning uptime,level,tags
 #1: stderr all=off uptime,level,tags

Environment Variables:
JAVA_HOME=C:\Program Files\Java\jdk-15.0.2
CLASSPATH=C:\Users\Wilmer\Desktop\mojitos\rnmojo\android\\gradle\wrapper\gradle-wrapper.jar
PATH=C:\Users\Wilmer\Desktop\mojitos\rnmojo\android\node_modules\.bin;C:\Users\Wilmer\Desktop\mojitos\rnmojo\node_modules\.bin;C:\Users\Wilmer\Desktop\mojitos\node_modules\.bin;C:\Users\Wilmer\Desktop\node_modules\.bin;C:\Users\Wilmer\node_modules\.bin;C:\Users\node_modules\.bin;C:\node_modules\.bin;C:\Program Files\nodejs;C:\Program Files\Common Files\Oracle\Java\javapath;C:\Windows\system32;C:\Windows;C:\Windows\System32\Wbem;C:\Windows\System32\WindowsPowerShell\v1.0\;C:\Program Files\Microsoft SQL Server\Client SDK\ODBC\130\Tools\Binn\;C:\Program Files (x86)\Microsoft SQL Server\140\Tools\Binn\;C:\Program Files\Microsoft SQL Server\140\Tools\Binn\;C:\Program Files\Microsoft SQL Server\140\DTS\Binn\;C:\Program Files (x86)\Microsoft SQL Server\150\DTS\Binn\;C:\Program Files\Azure Data Studio\bin;C:\Program Files\dotnet\;C:\Program Files\Git\cmd;C:\Users\Wilmer\AppData\Roaming\nvm;C:\Program Files\nodejs;C:\Program Files\Java\jdk-15.0.2/bin;C:\Users\Wilmer\AppData\Local\Android\Sdk/emulator;C:\Users\Wilmer\AppData\Local\Android\Sdk/tools;C:\Users\Wilmer\AppData\Local\Android\Sdk/tools/bin;C:\Users\Wilmer\AppData\Local\Android\Sdk/platform-tools;C:\Users\Wilmer\AppData\Local\Microsoft\WindowsApps;C:\Users\Wilmer\AppData\Local\Programs\Microsoft VS Code\bin;C:\Program Files\Azure Data Studio\bin;C:\Users\Wilmer\.dotnet\tools;C:\Users\Wilmer\AppData\Local\GitHubDesktop\bin;C:\Program Files\heroku\bin;C:\Users\Wilmer\AppData\Roaming\npm;C:\Users\Wilmer\AppData\Roaming\nvm;C:\Program Files\nodejs
USERNAME=Wilmer
OS=Windows_NT
PROCESSOR_IDENTIFIER=AMD64 Family 16 Model 6 Stepping 2, AuthenticAMD



---------------  S Y S T E M  ---------------

OS:
 Windows 10 , 64 bit Build 14393 (10.0.14393.0)
OS uptime: 0 days 8:04 hours

CPU: total 2 (initial active 2) (2 cores per cpu, 1 threads per core) family 16 model 6 stepping 2 microcode 0x10000c7, cmov, cx8, fxsr, mmx, sse, sse2, sse3, popcnt, 3dnowpref, lzcnt, tsc, tscinvbit, tscinv, clflush

Memory: 4k page, system-wide physical 2812M (179M free)
TotalPageFile size 3836M (AvailPageFile size 11M)
current process WorkingSet (physical memory assigned to process): 152M, peak: 155M
current process commit charge ("private bytes"): 387M, peak: 394M

vm_info: Java HotSpot(TM) 64-Bit Server VM (15.0.2+7-27) for windows-amd64 JRE (15.0.2+7-27), built on Dec  7 2020 20:07:01 by "mach5one" with unknown MS VC++:1925

END.
